[debug] [2024-02-17T01:48:31.304Z] ----------------------------------------------------------------------
[debug] [2024-02-17T01:48:31.306Z] Command:       /Users/smith.e/.nvm/versions/node/v20.11.0/bin/node /Users/smith.e/Desktop/Personal/Github/cointail-frontend/function/node_modules/.bin/firebase deploy --only functions
[debug] [2024-02-17T01:48:31.306Z] CLI Version:   13.3.0
[debug] [2024-02-17T01:48:31.306Z] Platform:      darwin
[debug] [2024-02-17T01:48:31.306Z] Node Version:  v20.11.0
[debug] [2024-02-17T01:48:31.306Z] Time:          Fri Feb 16 2024 18:48:31 GMT-0700 (Mountain Standard Time)
[debug] [2024-02-17T01:48:31.307Z] ----------------------------------------------------------------------
[debug] 
[debug] [2024-02-17T01:48:31.347Z] > command requires scopes: ["email","openid","https://www.googleapis.com/auth/cloudplatformprojects.readonly","https://www.googleapis.com/auth/firebase","https://www.googleapis.com/auth/cloud-platform"]
[debug] [2024-02-17T01:48:31.347Z] > authorizing via signed-in user (deepersleeper2022@gmail.com)
[debug] [2024-02-17T01:48:31.347Z] [iam] checking project cointail-7b094 for permissions ["cloudfunctions.functions.create","cloudfunctions.functions.delete","cloudfunctions.functions.get","cloudfunctions.functions.list","cloudfunctions.functions.update","cloudfunctions.operations.get","firebase.projects.get"]
[debug] [2024-02-17T01:48:31.348Z] > refreshing access token with scopes: []
[debug] [2024-02-17T01:48:31.348Z] >>> [apiv2][query] POST https://www.googleapis.com/oauth2/v3/token [none]
[debug] [2024-02-17T01:48:31.349Z] >>> [apiv2][body] POST https://www.googleapis.com/oauth2/v3/token [omitted]
[debug] [2024-02-17T01:48:31.630Z] <<< [apiv2][status] POST https://www.googleapis.com/oauth2/v3/token 200
[debug] [2024-02-17T01:48:31.630Z] <<< [apiv2][body] POST https://www.googleapis.com/oauth2/v3/token [omitted]
[debug] [2024-02-17T01:48:31.647Z] >>> [apiv2][query] POST https://cloudresourcemanager.googleapis.com/v1/projects/cointail-7b094:testIamPermissions [none]
[debug] [2024-02-17T01:48:31.647Z] >>> [apiv2][(partial)header] POST https://cloudresourcemanager.googleapis.com/v1/projects/cointail-7b094:testIamPermissions x-goog-quota-user=projects/cointail-7b094
[debug] [2024-02-17T01:48:31.648Z] >>> [apiv2][body] POST https://cloudresourcemanager.googleapis.com/v1/projects/cointail-7b094:testIamPermissions {"permissions":["cloudfunctions.functions.create","cloudfunctions.functions.delete","cloudfunctions.functions.get","cloudfunctions.functions.list","cloudfunctions.functions.update","cloudfunctions.operations.get","firebase.projects.get"]}
[debug] [2024-02-17T01:48:32.263Z] <<< [apiv2][status] POST https://cloudresourcemanager.googleapis.com/v1/projects/cointail-7b094:testIamPermissions 200
[debug] [2024-02-17T01:48:32.263Z] <<< [apiv2][body] POST https://cloudresourcemanager.googleapis.com/v1/projects/cointail-7b094:testIamPermissions {"permissions":["cloudfunctions.functions.create","cloudfunctions.functions.delete","cloudfunctions.functions.get","cloudfunctions.functions.list","cloudfunctions.functions.update","cloudfunctions.operations.get","firebase.projects.get"]}
[debug] [2024-02-17T01:48:32.263Z] >>> [apiv2][query] POST https://iam.googleapis.com/v1/projects/cointail-7b094/serviceAccounts/cointail-7b094@appspot.gserviceaccount.com:testIamPermissions [none]
[debug] [2024-02-17T01:48:32.263Z] >>> [apiv2][body] POST https://iam.googleapis.com/v1/projects/cointail-7b094/serviceAccounts/cointail-7b094@appspot.gserviceaccount.com:testIamPermissions {"permissions":["iam.serviceAccounts.actAs"]}
[debug] [2024-02-17T01:48:32.532Z] <<< [apiv2][status] POST https://iam.googleapis.com/v1/projects/cointail-7b094/serviceAccounts/cointail-7b094@appspot.gserviceaccount.com:testIamPermissions 200
[debug] [2024-02-17T01:48:32.532Z] <<< [apiv2][body] POST https://iam.googleapis.com/v1/projects/cointail-7b094/serviceAccounts/cointail-7b094@appspot.gserviceaccount.com:testIamPermissions {"permissions":["iam.serviceAccounts.actAs"]}
[info] 
[info] === Deploying to 'cointail-7b094'...
[info] 
[info] i  deploying functions 
[debug] [2024-02-17T01:48:32.534Z] >>> [apiv2][query] GET https://firebase.googleapis.com/v1beta1/projects/cointail-7b094 [none]
[debug] [2024-02-17T01:48:32.691Z] <<< [apiv2][status] GET https://firebase.googleapis.com/v1beta1/projects/cointail-7b094 200
[debug] [2024-02-17T01:48:32.691Z] <<< [apiv2][body] GET https://firebase.googleapis.com/v1beta1/projects/cointail-7b094 {"projectId":"cointail-7b094","projectNumber":"1017318781396","displayName":"CoinTail","name":"projects/cointail-7b094","resources":{"hostingSite":"cointail-7b094"},"state":"ACTIVE","etag":"1_de5f5212-8ead-4e08-900e-7c34f2249a1b"}
[info] i  functions: preparing codebase default for deployment 
[info] i  functions: ensuring required API cloudfunctions.googleapis.com is enabled... 
[info] i  functions: ensuring required API cloudbuild.googleapis.com is enabled... 
[info] i  artifactregistry: ensuring required API artifactregistry.googleapis.com is enabled... 
[debug] [2024-02-17T01:48:32.692Z] >>> [apiv2][query] GET https://serviceusage.googleapis.com/v1/projects/cointail-7b094/services/cloudfunctions.googleapis.com [none]
[debug] [2024-02-17T01:48:32.692Z] >>> [apiv2][(partial)header] GET https://serviceusage.googleapis.com/v1/projects/cointail-7b094/services/cloudfunctions.googleapis.com x-goog-quota-user=projects/cointail-7b094
[debug] [2024-02-17T01:48:32.692Z] >>> [apiv2][query] GET https://serviceusage.googleapis.com/v1/projects/cointail-7b094/services/runtimeconfig.googleapis.com [none]
[debug] [2024-02-17T01:48:32.692Z] >>> [apiv2][(partial)header] GET https://serviceusage.googleapis.com/v1/projects/cointail-7b094/services/runtimeconfig.googleapis.com x-goog-quota-user=projects/cointail-7b094
[debug] [2024-02-17T01:48:32.693Z] >>> [apiv2][query] GET https://serviceusage.googleapis.com/v1/projects/cointail-7b094/services/cloudbuild.googleapis.com [none]
[debug] [2024-02-17T01:48:32.693Z] >>> [apiv2][(partial)header] GET https://serviceusage.googleapis.com/v1/projects/cointail-7b094/services/cloudbuild.googleapis.com x-goog-quota-user=projects/cointail-7b094
[debug] [2024-02-17T01:48:32.693Z] >>> [apiv2][query] GET https://serviceusage.googleapis.com/v1/projects/cointail-7b094/services/artifactregistry.googleapis.com [none]
[debug] [2024-02-17T01:48:32.693Z] >>> [apiv2][(partial)header] GET https://serviceusage.googleapis.com/v1/projects/cointail-7b094/services/artifactregistry.googleapis.com x-goog-quota-user=projects/cointail-7b094
[debug] [2024-02-17T01:48:33.110Z] <<< [apiv2][status] GET https://serviceusage.googleapis.com/v1/projects/cointail-7b094/services/cloudfunctions.googleapis.com 200
[debug] [2024-02-17T01:48:33.110Z] <<< [apiv2][body] GET https://serviceusage.googleapis.com/v1/projects/cointail-7b094/services/cloudfunctions.googleapis.com [omitted]
[info] ✔  functions: required API cloudfunctions.googleapis.com is enabled 
[debug] [2024-02-17T01:48:33.116Z] <<< [apiv2][status] GET https://serviceusage.googleapis.com/v1/projects/cointail-7b094/services/runtimeconfig.googleapis.com 200
[debug] [2024-02-17T01:48:33.116Z] <<< [apiv2][body] GET https://serviceusage.googleapis.com/v1/projects/cointail-7b094/services/runtimeconfig.googleapis.com [omitted]
[debug] [2024-02-17T01:48:33.118Z] <<< [apiv2][status] GET https://serviceusage.googleapis.com/v1/projects/cointail-7b094/services/cloudbuild.googleapis.com 200
[debug] [2024-02-17T01:48:33.118Z] <<< [apiv2][body] GET https://serviceusage.googleapis.com/v1/projects/cointail-7b094/services/cloudbuild.googleapis.com [omitted]
[info] ✔  functions: required API cloudbuild.googleapis.com is enabled 
[debug] [2024-02-17T01:48:33.121Z] <<< [apiv2][status] GET https://serviceusage.googleapis.com/v1/projects/cointail-7b094/services/artifactregistry.googleapis.com 200
[debug] [2024-02-17T01:48:33.121Z] <<< [apiv2][body] GET https://serviceusage.googleapis.com/v1/projects/cointail-7b094/services/artifactregistry.googleapis.com [omitted]
[info] ✔  artifactregistry: required API artifactregistry.googleapis.com is enabled 
[debug] [2024-02-17T01:48:33.121Z] >>> [apiv2][query] GET https://firebase.googleapis.com/v1beta1/projects/cointail-7b094/adminSdkConfig [none]
[debug] [2024-02-17T01:48:33.231Z] <<< [apiv2][status] GET https://firebase.googleapis.com/v1beta1/projects/cointail-7b094/adminSdkConfig 200
[debug] [2024-02-17T01:48:33.232Z] <<< [apiv2][body] GET https://firebase.googleapis.com/v1beta1/projects/cointail-7b094/adminSdkConfig {"projectId":"cointail-7b094","storageBucket":"cointail-7b094.appspot.com"}
[debug] [2024-02-17T01:48:33.232Z] >>> [apiv2][query] GET https://runtimeconfig.googleapis.com/v1beta1/projects/cointail-7b094/configs [none]
[debug] [2024-02-17T01:48:33.456Z] <<< [apiv2][status] GET https://runtimeconfig.googleapis.com/v1beta1/projects/cointail-7b094/configs 200
[debug] [2024-02-17T01:48:33.456Z] <<< [apiv2][body] GET https://runtimeconfig.googleapis.com/v1beta1/projects/cointail-7b094/configs {}
[debug] [2024-02-17T01:48:33.457Z] Validating nodejs source
[debug] [2024-02-17T01:48:33.947Z] > [functions] package.json contents: {
  "name": "api",
  "version": "1.0.0",
  "description": "",
  "main": "server.js",
  "scripts": {
    "start": "node server.js",
    "firebase:deploy": "node_modules/.bin/firebase deploy --only functions"
  },
  "author": "",
  "license": "ISC",
  "devDependencies": {
    "@google-cloud/functions-framework": "^3.1.3",
    "autocannon": "^7.10.0",
    "firebase-functions-test": "^3.1.1",
    "typescript": "^5.0.4"
  },
  "dependencies": {
    "alchemy-sdk": "^2.4.3",
    "axios": "^1.3.0",
    "cors": "^2.8.5",
    "dotenv": "^16.0.3",
    "express": "^4.18.2",
    "express-oauth2-jwt-bearer": "^1.3.0",
    "firebase-admin": "^12.0.0",
    "firebase-functions": "^4.7.0",
    "firebase-tools": "^13.3.0",
    "moment": "^2.29.4",
    "moment-timezone": "^0.5.41",
    "path": "^0.12.7",
    "swagger-ui-express": "^4.6.2",
    "web3": "^1.8.2"
  },
  "engines": {
    "node": "18"
  }
}
[debug] [2024-02-17T01:48:33.947Z] Building nodejs source
[info] i  functions: Loading and analyzing source code for codebase default to determine what to deploy 
[debug] [2024-02-17T01:48:33.948Z] Could not find functions.yaml. Must use http discovery
[debug] [2024-02-17T01:48:33.954Z] Found firebase-functions binary at '/Users/smith.e/Desktop/Personal/Github/cointail-frontend/function/node_modules/.bin/firebase-functions'
[info] Serving at port 8888

[error] node:events:496
      throw er; // Unhandled 'error' event
      ^

Error: listen EADDRINUSE: address already in use :::8888
    at Server.setupListenHandle [as _listen2] (node:net:1872:16)
    at listenInCluster (node:net:1920:12)
    at Server.listen (node:net:2008:7)
    at Function.listen (/Users/smith.e/Desktop/Personal/Github/cointail-frontend/function/node_modules/express/lib/application.js:635:24)
    at Object.<anonymous> (/Users/smith.e/Desktop/Personal/Github/cointail-frontend/function/server.js:60:5)
    at Module._compile (node:internal/modules/cjs/loader:1376:14)
    at Module._extensions..js (node:internal/modules/cjs/loader:1435:10)
    at Module.load (node:internal/modules/cjs/loader:1207:32)
    at Module._load (node:internal/modules/cjs/loader:1023:12)
    at Module.require (node:internal/modules/cjs/loader:1235:19)
Emitted 'error' event on Server instance at:
    at emitErrorNT (node:net:1899:8)
    at process.processTicksAndRejections (node:internal/process/task_queues:82:21) {
  code: 'EADDRINUSE',
  errno: -48,
  syscall: 'listen',
  address: '::',
  port: 8888
}

Node.js v20.11.0

[debug] [2024-02-17T01:48:34.428Z] Failed to call quitquitquit. This often means the server failed to start request to http://localhost:8888/__/quitquitquit failed, reason:  {"message":"request to http://localhost:8888/__/quitquitquit failed, reason: ","type":"system","errno":"ECONNREFUSED","code":"ECONNREFUSED"}
[debug] [2024-02-17T01:48:34.429Z] FetchError: request to http://127.0.0.1:8888/__/functions.yaml failed, reason: socket hang up
    at ClientRequest.<anonymous> (/Users/smith.e/Desktop/Personal/Github/cointail-frontend/function/node_modules/node-fetch/lib/index.js:1501:11)
    at ClientRequest.emit (node:events:518:28)
    at ClientRequest.emit (node:domain:488:12)
    at Socket.socketOnEnd (node:_http_client:519:9)
    at Socket.emit (node:events:530:35)
    at Socket.emit (node:domain:488:12)
    at endReadableNT (node:internal/streams/readable:1696:12)
    at process.processTicksAndRejections (node:internal/process/task_queues:82:21)
[error] 
[error] Error: An unexpected error has occurred.
